<?xml version="1.0" encoding="UTF-8"?>
<!-- Generated by org.testng.reporters.JUnitReportReporter -->
<testsuite hostname="INHYNVYADAMAKA1" name="Test_ExcelData.Test_ExcelData.Read_excelData" tests="1" failures="0" timestamp="5 Aug 2019 05:42:30 GMT" time="82.607" errors="0">
  <testcase name="readData" time="82.607" classname="Test_ExcelData.Test_ExcelData.Read_excelData"/>
</testsuite> <!-- Test_ExcelData.Test_ExcelData.Read_excelData -->
